Charm++: standalone mode (not using charmrun)
Charm++> Running in Multicore mode:  4 threads
Charm++> Using recursive bisection (scheme 3) for topology aware partitions
Converse/Charm++ Commit ID: v6.8.2-0-g26d4bd8-namd-charm-6.8.2-build-2018-Jan-11-30463
Warning> Randomization of virtual memory (ASLR) is turned on in the kernel, thread migration may not work! Run 'echo 0 > /proc/sys/kernel/randomize_va_space' as root to disable it, or try running with '+isomalloc_sync'.
CharmLB> Load balancer assumes all CPUs are same.
Charm++> Running on 1 unique compute nodes (8-way SMP).
Charm++> cpu topology info is gathered in 0.001 seconds.
Info: NAMD Git-2019-10-07 for Linux-x86_64-multicore
Info: 
Info: Please visit http://www.ks.uiuc.edu/Research/namd/
Info: for updates, documentation, and support information.
Info: 
Info: Please cite Phillips et al., J. Comp. Chem. 26:1781-1802 (2005)
Info: in all publications reporting results obtained with NAMD.
Info: 
Info: Based on Charm++/Converse 60800 for multicore-linux64-iccstatic
Info: Built Mon Oct 7 02:04:21 CDT 2019 by jim on belfast.ks.uiuc.edu
Info: 1 NAMD  Git-2019-10-07  Linux-x86_64-multicore  4    daya-Inspiron-5584  daya
Info: Running on 4 processors, 1 nodes, 1 physical nodes.
Info: CPU topology information available.
Info: Charm++/Converse parallel runtime startup completed at 0.010381 s
CkLoopLib is used in SMP with a simple dynamic scheduling (converse-level notification) but not using node-level queue
Info: 265.199 MB of memory in use based on /proc/self/stat
Info: Configuration file is Minimization.conf
Info: Working in the current directory /home/daya/Documentos/ph-dependent/MUTATIONS/NEW_EQUI/preD936Y/preD936Y/run
TCL: Suspending until startup complete.
Warning: The following variables were set in the
Warning: configuration file but will be ignored:
Warning:    ionConcentration (GBIS)
Warning:    alphaCutoff (GBIS)
Info: EXTENDED SYSTEM FILE   Minimization.xsc
Info: SIMULATION PARAMETERS:
Info: TIMESTEP               2
Info: NUMBER OF STEPS        0
Info: STEPS PER CYCLE        10
Info: PERIODIC CELL BASIS 1  45.569 0 0
Info: PERIODIC CELL BASIS 2  0 58.404 0
Info: PERIODIC CELL BASIS 3  0 0 107.402
Info: PERIODIC CELL CENTER   0.147329 1.06646 2.8626
Info: WRAPPING WATERS AROUND PERIODIC BOUNDARIES ON OUTPUT.
Info: WRAPPING ALL CLUSTERS AROUND PERIODIC BOUNDARIES ON OUTPUT.
Info: LOAD BALANCER  Centralized
Info: LOAD BALANCING STRATEGY  New Load Balancers -- DEFAULT
Info: LDB PERIOD             2000 steps
Info: FIRST LDB TIMESTEP     50
Info: LAST LDB TIMESTEP     -1
Info: LDB BACKGROUND SCALING 1
Info: HOM BACKGROUND SCALING 1
Info: PME BACKGROUND SCALING 1
Info: MIN ATOMS PER PATCH    40
Info: INITIAL TEMPERATURE    0
Info: CENTER OF MASS MOVING INITIALLY? NO
Info: DIELECTRIC             1
Info: EXCLUDE                SCALED ONE-FOUR
Info: 1-4 ELECTROSTATICS SCALED BY 1
Info: MODIFIED 1-4 VDW PARAMETERS WILL BE USED
Info: DCD FILENAME           Minimization.dcd
Info: DCD FREQUENCY          1000
Info: DCD FIRST STEP         1000
Info: DCD FILE WILL CONTAIN UNIT CELL DATA
Info: XST FILENAME           Minimization.xst
Info: XST FREQUENCY          1000
Info: NO VELOCITY DCD OUTPUT
Info: NO FORCE DCD OUTPUT
Info: OUTPUT FILENAME        Minimization
Info: RESTART FILENAME       Minimization.restart
Info: RESTART FREQUENCY      1000
Info: BINARY RESTART FILES WILL BE USED
Info: SWITCHING ACTIVE
Info: SWITCHING ON           10
Info: SWITCHING OFF          12
Info: PAIRLIST DISTANCE      14
Info: PAIRLIST SHRINK RATE   0.01
Info: PAIRLIST GROW RATE     0.01
Info: PAIRLIST TRIGGER       0.3
Info: PAIRLISTS PER CYCLE    2
Info: PAIRLISTS ENABLED
Info: MARGIN                 0.495
Info: HYDROGEN GROUP CUTOFF  2.5
Info: PATCH DIMENSION        16.995
Info: ENERGY OUTPUT STEPS    40
Info: CROSSTERM ENERGY INCLUDED IN DIHEDRAL
Info: TIMING OUTPUT STEPS    40
Info: PRESSURE OUTPUT STEPS  40
Info: FIXED ATOMS ACTIVE
Info: HARMONIC CONSTRAINTS ACTIVE
Info: HARMONIC CONS EXP      2
Info: HARMONIC CONS SCALING  2
Info: LANGEVIN DYNAMICS ACTIVE
Info: LANGEVIN TEMPERATURE   0
Info: LANGEVIN USING BBK INTEGRATOR
Info: LANGEVIN DAMPING COEFFICIENT IS 1 INVERSE PS
Info: LANGEVIN DYNAMICS NOT APPLIED TO HYDROGENS
Info: LANGEVIN PISTON PRESSURE CONTROL ACTIVE
Info:        TARGET PRESSURE IS 1.01325 BAR
Info:     OSCILLATION PERIOD IS 200 FS
Info:             DECAY TIME IS 100 FS
Info:     PISTON TEMPERATURE IS 1 K
Info:       PRESSURE CONTROL IS GROUP-BASED
Info:    INITIAL STRAIN RATE IS 0 0 0
Info:       CELL FLUCTUATION IS ISOTROPIC
Info: PARTICLE MESH EWALD (PME) ACTIVE
Info: PME TOLERANCE               1e-06
Info: PME EWALD COEFFICIENT       0.257952
Info: PME INTERPOLATION ORDER     4
Info: PME GRID DIMENSIONS         48 60 108
Info: PME MAXIMUM GRID SPACING    1
Info: Attempting to read FFTW data from FFTW_NAMD_Git-2019-10-07_Linux-x86_64-multicore.txt
Info: Optimizing 6 FFT steps.  1... 2... 3... 4... 5... 6...   Done.
Info: Writing FFTW data to FFTW_NAMD_Git-2019-10-07_Linux-x86_64-multicore.txt
Info: FULL ELECTROSTATIC EVALUATION FREQUENCY      2
Info: USING VERLET I (r-RESPA) MTS SCHEME.
Info: C1 SPLITTING OF LONG RANGE ELECTROSTATICS
Info: PLACING ATOMS IN PATCHES BY HYDROGEN GROUPS
Info: RIGID BONDS TO HYDROGEN : ALL
Info:         ERROR TOLERANCE : 1e-08
Info:          MAX ITERATIONS : 100
Info: RIGID WATER USING SETTLE ALGORITHM
Info: RANDOM NUMBER SEED     1687801517
Info: USE HYDROGEN BONDS?    NO
Info: COORDINATE PDB         preD936Y_QwikMD.pdb
Info: STRUCTURE FILE         preD936Y_QwikMD.psf
Info: PARAMETER file: CHARMM format! 
Info: PARAMETERS             toppar_water_ions_namd.str
Info: PARAMETERS             toppar_all36_carb_glycopeptide.str
Info: PARAMETERS             par_all36_lipid.prm
Info: PARAMETERS             par_all36_na.prm
Info: PARAMETERS             par_all36_prot.prm
Info: PARAMETERS             par_all36_carb.prm
Info: PARAMETERS             par_all36_cgenff.prm
Info: USING ARITHMETIC MEAN TO COMBINE L-J SIGMA PARAMETERS
Info: SKIPPING rtf SECTION IN STREAM FILE
Info: SKIPPING rtf SECTION IN STREAM FILE
Info: SUMMARY OF PARAMETERS:
Info: 917 BONDS
Info: 2684 ANGLES
Info: 6576 DIHEDRAL
Info: 193 IMPROPER
Info: 6 CROSSTERM
Info: 350 VDW
Info: 6 VDW_PAIRS
Info: 0 NBTHOLE_PAIRS
Info: TIME FOR READING PSF FILE: 0.855999
Info: Reading pdb file preD936Y_QwikMD.pdb
Info: TIME FOR READING PDB FILE: 0.096189
Info: 
Info: ****************************
Info: STRUCTURE SUMMARY:
Info: 26518 ATOMS
Info: 17936 BONDS
Info: 10102 ANGLES
Info: 2276 DIHEDRALS
Info: 173 IMPROPERS
Info: 54 CROSSTERMS
Info: 0 EXCLUSIONS
Info: 225 CONSTRAINTS
Info: 0 FIXED ATOMS
Info: 26041 RIGID BONDS
Info: 0 RIGID BONDS BETWEEN FIXED ATOMS
Info: 53513 DEGREES OF FREEDOM
Info: 9011 HYDROGEN GROUPS
Info: 4 ATOMS IN LARGEST HYDROGEN GROUP
Info: 9011 MIGRATION GROUPS
Info: 4 ATOMS IN LARGEST MIGRATION GROUP
Info: 0 HYDROGEN GROUPS WITH ALL ATOMS FIXED
Info: TOTAL MASS = 161285 amu
Info: TOTAL CHARGE = 4.20958e-07 e
Info: MASS DENSITY = 0.936975 g/cm^3
Info: ATOM DENSITY = 0.0927719 atoms/A^3
Info: *****************************
Info: 
Info: Entering startup at 24.8484 s, 290.883 MB of memory in use
Info: Startup phase 0 took 0.000114918 s, 290.883 MB of memory in use
Info: ADDED 30305 IMPLICIT EXCLUSIONS
Info: Startup phase 1 took 0.01074 s, 292.523 MB of memory in use
Info: NONBONDED TABLE R-SQUARED SPACING: 0.0625
Info: NONBONDED TABLE SIZE: 769 POINTS
Info: INCONSISTENCY IN FAST TABLE ENERGY VS FORCE: 0.000325096 AT 11.9556
Info: INCONSISTENCY IN SCOR TABLE ENERGY VS FORCE: 0.000324844 AT 11.9556
Info: ABSOLUTE IMPRECISION IN VDWA TABLE ENERGY: 4.59334e-32 AT 11.9974
Info: RELATIVE IMPRECISION IN VDWA TABLE ENERGY: 7.4108e-17 AT 11.9974
Info: INCONSISTENCY IN VDWA TABLE ENERGY VS FORCE: 0.0040507 AT 0.251946
Info: ABSOLUTE IMPRECISION IN VDWB TABLE ENERGY: 1.53481e-26 AT 11.9974
Info: RELATIVE IMPRECISION IN VDWB TABLE ENERGY: 7.96691e-18 AT 11.9974
Info: INCONSISTENCY IN VDWB TABLE ENERGY VS FORCE: 0.00150189 AT 0.251946
Info: Startup phase 2 took 0.00556302 s, 296.621 MB of memory in use
Info: Startup phase 3 took 7.00951e-05 s, 296.621 MB of memory in use
Info: Startup phase 4 took 0.000247002 s, 296.824 MB of memory in use
Info: Startup phase 5 took 7.58171e-05 s, 296.824 MB of memory in use
Info: PATCH GRID IS 2 (PERIODIC) BY 3 (PERIODIC) BY 6 (PERIODIC)
Info: PATCH GRID IS 1-AWAY BY 1-AWAY BY 1-AWAY
Info: REMOVING COM VELOCITY 0 0 0
Info: LARGEST PATCH (2) HAS 773 ATOMS
Info: TORUS A SIZE 1 USING 0
Info: TORUS B SIZE 1 USING 0
Info: TORUS C SIZE 1 USING 0
Info: TORUS MINIMAL MESH SIZE IS 1 BY 1 BY 1
Info: Placed 100% of base nodes on same physical node as patch
Info: Startup phase 6 took 0.0103621 s, 302.152 MB of memory in use
Info: PME using 4 and 4 processors for FFT and reciprocal sum.
Info: PME GRID LOCATIONS: 0 1 2 3
Info: PME TRANS LOCATIONS: 0 1 2 3
Info: PME USING 1 GRID NODES AND 1 TRANS NODES
Info: Optimizing 4 FFT steps.  1... 2... 3... 4...   Done.
Info: Startup phase 7 took 0.000634909 s, 302.152 MB of memory in use
Info: Startup phase 8 took 6.60419e-05 s, 302.152 MB of memory in use
Info: Startup phase 9 took 5.88894e-05 s, 302.152 MB of memory in use
Info: Startup phase 10 took 5.60284e-05 s, 302.152 MB of memory in use
Info: Startup phase 11 took 0.000232935 s, 302.152 MB of memory in use
LDB: Central LB being created...
Info: Startup phase 12 took 0.000432014 s, 302.152 MB of memory in use
Info: CREATING 776 COMPUTE OBJECTS
Info: useSync: 0 useProxySync: 0
Info: Startup phase 13 took 0.00364208 s, 302.152 MB of memory in use
Info: Startup phase 14 took 8.01086e-05 s, 302.152 MB of memory in use
Info: Startup phase 15 took 0.000206947 s, 303.133 MB of memory in use
Info: Finished startup at 24.881 s, 303.133 MB of memory in use

TCL: Minimizing for 50000 steps
PRESSURE: 0 2.58147e+08 1.33287e+07 1.18246e+08 1.33287e+07 1.10493e+08 4.82025e+07 1.18246e+08 4.82025e+07 7.14384e+07
GPRESSURE: 0 6.82943e+08 2.98692e+08 4.55182e+08 2.06417e+08 2.40652e+08 2.03282e+08 3.7978e+08 2.24148e+08 2.79603e+08
ETITLE:      TS           BOND          ANGLE          DIHED          IMPRP               ELECT            VDW       BOUNDARY           MISC        KINETIC               TOTAL           TEMP      POTENTIAL         TOTAL3        TEMPAVG            PRESSURE      GPRESSURE         VOLUME       PRESSAVG      GPRESSAVG

ENERGY:       0        51.9259        99.2588       452.3693         0.5654         -82394.3669 150811647.8467         0.0000         0.0000         0.0000      150729857.5993         0.0000 150729857.5993 150729857.5993         0.0000      146692839.1584 401066028.2800    285840.9583 146692839.1584 401066028.2800

OPENING EXTENDED SYSTEM TRAJECTORY FILE
MINIMIZER SLOWLY MOVING 82 ATOMS WITH BAD CONTACTS DOWNHILL
PRESSURE: 1 5.23741e+06 -3.46012e+06 867893 -3.46012e+06 4.1879e+06 67876.4 867893 67876.4 527565
GPRESSURE: 1 6.89352e+06 -2.34534e+06 2.15211e+06 -2.86492e+06 4.57205e+06 600506 1.84669e+06 730809 1.27172e+06
ENERGY:       1        51.9259        99.2588       452.3693         0.5654         -82322.0774   3399854.5904         0.0000         0.0000         0.0000        3318136.6325         0.0000   3318136.6325   3318136.6325         0.0000        3317623.5303   4245760.8787    285840.9583   3317623.5303   4245760.8787

MINIMIZER SLOWLY MOVING 43 ATOMS WITH BAD CONTACTS DOWNHILL
PRESSURE: 2 471578 -366351 35366 -366351 420897 -13687.2 35366 -13687.2 49827.7
GPRESSURE: 2 484137 -338861 65948 -363582 392707 -6434.61 55117.9 677.365 32998.3
ENERGY:       2        51.9259        99.2588       452.3693         0.5654         -82310.7829    312712.6890         0.0000         0.0000         0.0000         231006.0255         0.0000    231006.0255    231006.0255         0.0000         314100.9397    303280.8580    285840.9583    314100.9397    303280.8580

MINIMIZER SLOWLY MOVING 22 ATOMS WITH BAD CONTACTS DOWNHILL
PRESSURE: 3 90242.7 -51685.8 2501.43 -51685.8 85401.5 -3558.38 2501.43 -3558.38 28143
GPRESSURE: 3 62511.7 -49661.8 5090.69 -52408 53652.3 -3391.57 3256.74 -2397.75 -3457.91
ENERGY:       3        51.9259        99.2588       452.3693         0.5654         -82310.6632     59877.5740         0.0000         0.0000         0.0000         -21828.9698         0.0000    -21828.9698    -21828.9698         0.0000          67929.0681     37568.6804    285840.9583     67929.0681     37568.6804

MINIMIZER SLOWLY MOVING 12 ATOMS WITH BAD CONTACTS DOWNHILL
PRESSURE: 4 40527.1 -7673.62 252.704 -7673.62 41770.5 -1418.75 252.7 -1418.75 25718.8
GPRESSURE: 4 10107.4 -7206.37 1182.53 -7817.86 10279.4 -1270.07 81.6044 -932.719 -6584.2
ENERGY:       4        51.9259        99.2588       452.3693         0.5654         -82318.5097     27135.5867         0.0000         0.0000         0.0000         -54578.8035         0.0000    -54578.8035    -54578.8035         0.0000          36005.5023      4600.8721    285840.9583     36005.5023      4600.8721

MINIMIZER SLOWLY MOVING 6 ATOMS WITH BAD CONTACTS DOWNHILL
PRESSURE: 5 32020.6 255.021 78.462 255.021 34158.9 -965.557 78.4589 -965.556 25353.9
GPRESSURE: 5 1365.25 620.462 926.077 314.548 2775.13 -734.563 -80.352 -499.082 -6953.89
ENERGY:       5        51.9259        99.2588       452.3693         0.5654         -82330.3124     21514.7238         0.0000         0.0000         0.0000         -60211.4691         0.0000    -60211.4691    -60211.4691         0.0000          30511.1150      -937.8364    285840.9583     30511.1150      -937.8364

MINIMIZER SLOWLY MOVING 4 ATOMS WITH BAD CONTACTS DOWNHILL
PRESSURE: 6 30293.2 1942.48 -45.2167 1942.48 32530.5 -846.827 -45.2197 -846.826 25347.7
GPRESSURE: 6 -445.877 2284.01 776.704 2081.31 1165.17 -590.736 -209.617 -383.338 -6963.45
ENERGY:       6        51.9259        99.2588       452.3693         0.5654         -82338.2541     20372.9112         0.0000         0.0000         0.0000         -61361.2235         0.0000    -61361.2235    -61361.2235         0.0000          29390.4785     -2081.3872    285840.9583     29390.4785     -2081.3872

MINIMIZER STARTING CONJUGATE GRADIENT ALGORITHM
LINE MINIMIZER REDUCING GRADIENT FROM 1.9564e+08 TO 195640
PRESSURE: 7 25895.7 1290.52 -151.966 1290.59 26476.9 -638.897 -152.054 -638.438 22438.6
GPRESSURE: 7 9718.32 1351.55 468.973 1201.3 10205.6 -440.09 -264.247 -350.014 5783.5
ENERGY:       7        46.6571        98.9711       451.8206         0.4584         -82399.1461     15873.6036         0.0038         0.0000         0.0000         -65927.6315         0.0000    -65927.6315    -65927.6315         0.0000          24937.0551      8569.1282    285840.9583     24937.0551      8569.1282

PRESSURE: 8 23476.7 922.644 -107.628 922.777 23328.2 -553.648 -107.8 -552.73 20835.9
GPRESSURE: 8 7317.31 894.99 415.611 752.546 6952.56 -374.742 -211.485 -329.598 4111.59
ENERGY:       8        43.0579        99.0570       451.3178         0.4473         -82465.6514     13473.4432         0.0153         0.0000         0.0000         -68398.3129         0.0000    -68398.3129    -68398.3129         0.0000          22546.9302      6127.1528    285840.9583     22546.9302      6127.1528

PRESSURE: 9 22054.9 722.992 -20.2123 723.193 21527 -504.884 -20.4692 -503.508 19894.3
GPRESSURE: 9 5943.37 666.532 460.016 529.363 5116.58 -341.933 -117.011 -316.774 3157.95
ENERGY:       9        41.0467        99.5218       450.8625         0.5364         -82536.6584     12088.5488         0.0344         0.0000         0.0000         -69856.1078         0.0000    -69856.1078    -69856.1078         0.0000          21158.7392      4739.2976    285840.9583     21158.7392      4739.2976

LDB: ============= START OF LOAD BALANCING ============== 25.8952
LDB: ============== END OF LOAD BALANCING =============== 25.8952
Info: useSync: 0 useProxySync: 0
LDB: =============== DONE WITH MIGRATION ================ 25.8959
MINIMIZER RESTARTING CONJUGATE GRADIENT ALGORITHM DUE TO POOR PROGRESS
LINE MINIMIZER REDUCING GRADIENT FROM 8.43456e+06 TO 8434.56
PRESSURE: 10 20153.2 537.756 128.295 538.191 19644.4 -398.974 127.395 -397.047 18645.8
GPRESSURE: 10 4072.28 495.456 523.1 369.434 3262.73 -272.499 24.6741 -223.065 1924.29
ETITLE:      TS           BOND          ANGLE          DIHED          IMPRP               ELECT            VDW       BOUNDARY           MISC        KINETIC               TOTAL           TEMP      POTENTIAL         TOTAL3        TEMPAVG            PRESSURE      GPRESSURE         VOLUME       PRESSAVG      GPRESSAVG

ENERGY:      10        26.9217       101.2981       448.9248         1.2106         -82966.6621     10480.5678         0.0823         0.0000         0.0000         -71907.6567         0.0000    -71907.6567    -71907.6567         0.0000          19481.1350      3086.4331    285840.9583     19481.1350      3086.4331

PRESSURE: 11 18959 432.732 198.861 433.401 18483.2 -339.907 197.316 -337.428 17856.1
GPRESSURE: 11 2874.7 390.865 541.085 281.328 2100.71 -240.673 84.4607 -172.267 1115.37
ENERGY:      11        20.9730       107.1209       447.5018         2.9094         -83374.1979      9505.8645         0.1625         0.0000         0.0000         -73289.6658         0.0000    -73289.6658    -73289.6658         0.0000          18432.7750      2030.2574    285840.9583     18432.7750      2030.2574

PRESSURE: 12 18180.4 375.317 227.213 376.22 17740.9 -300.92 225.025 -297.889 17340.8
GPRESSURE: 12 2077.82 328.509 533.031 238.905 1344.94 -224.36 106.142 -137.628 567.088
ENERGY:      12        23.2524       117.0172       446.5963         5.6179         -83759.9255      8900.9766         0.2751         0.0000         0.0000         -74266.1899         0.0000    -74266.1899    -74266.1899         0.0000          17754.0362      1329.9490    285840.9583     17754.0362      1329.9490

MINIMIZER RESTARTING CONJUGATE GRADIENT ALGORITHM DUE TO POOR PROGRESS
LINE MINIMIZER REDUCING GRADIENT FROM 1.93238e+06 TO 1932.38
PRESSURE: 13 17209.4 295.331 186.087 296.611 16823.9 -206.285 181.152 -203.059 16381.4
GPRESSURE: 13 901.634 283.544 449.527 98.4424 235.248 -142.732 78.3285 -29.5054 -642.351
ENERGY:      13        67.7756        93.9760       447.8863         4.8361         -84964.5820      8183.4597         0.3084         0.0000         0.0000         -76166.3398         0.0000    -76166.3398    -76166.3398         0.0000          16804.9351       164.8434    285840.9583     16804.9351       164.8434

PRESSURE: 14 16473 234.596 147.651 236.255 16083.8 -129.854 139.967 -126.427 15598.9
GPRESSURE: 14 -7.86614 267.899 375.713 -10.2557 -681.241 -75.7172 57.882 64.9177 -1673.62
ENERGY:      14       301.5230       113.3436       451.3436         6.0699         -86047.9247      7687.5611         0.6729         0.0000         0.0000         -77487.4105         0.0000    -77487.4105    -77487.4105         0.0000          16051.8865      -787.5749    285840.9583     16051.8865      -787.5749

PRESSURE: 15 15896.8 185.444 112.468 187.484 15470.8 -61.003 102.036 -57.3679 14935.4
GPRESSURE: 15 -734.117 268.422 310.579 -101.224 -1453.46 -13.034 42.8584 153.829 -2576.72
ENERGY:      15       727.5589       172.8131       456.9354         9.2465         -87007.3866      7352.5401         1.3682         0.0000         0.0000         -78286.9244         0.0000    -78286.9244    -78286.9244         0.0000          15434.3467     -1588.1013    285840.9583     15434.3467     -1588.1013

MINIMIZER RESTARTING CONJUGATE GRADIENT ALGORITHM DUE TO POOR PROGRESS
LINE MINIMIZER REDUCING GRADIENT FROM 5.36156e+06 TO 5361.56
PRESSURE: 16 15902.9 198.27 122.4 200.525 15619.7 -105.328 111.785 -102.961 15300
GPRESSURE: 16 -731.363 254.209 320.081 -52.7287 -1283.68 -62.1487 57.0652 104.595 -2123.43
ENERGY:      16       248.9444       117.1910       451.5789         8.0637         -87120.8062      7310.8101         0.8439         0.0000         0.0000         -78983.3742         0.0000    -78983.3742    -78983.3742         0.0000          15607.5290     -1379.4910    285840.9583     15607.5290     -1379.4910

PRESSURE: 17 15871 213.528 129.524 215.998 15720 -145.045 118.725 -143.941 15600.1
GPRESSURE: 17 -770.113 242.175 325.193 -0.856693 -1166.93 -105.77 66.779 60.5765 -1745.6
ENERGY:      17        53.5245       106.9949       447.1704         8.2019         -87233.6455      7272.8910         0.6908         0.0000         0.0000         -79344.1721         0.0000    -79344.1721    -79344.1721         0.0000          15730.3627     -1227.5478    285840.9583     15730.3627     -1227.5478

PRESSURE: 18 15801.5 231.186 133.763 233.874 15771.5 -180.272 122.779 -180.426 15835.8
GPRESSURE: 18 -849.804 232.174 325.786 54.2347 -1103.36 -144.047 71.8006 21.6025 -1443.87
ENERGY:      18       138.2116       144.6304       443.6779         9.4787         -87345.8852      7238.6166         0.9088         0.0000         0.0000         -79370.3612         0.0000    -79370.3612    -79370.3612         0.0000          15802.9308     -1132.3429    285840.9583     15802.9308     -1132.3429

PRESSURE: 19 15694.9 251.142 134.878 254.049 15774.1 -211.073 123.709 -212.479 16007.2
GPRESSURE: 19 -969.738 224.018 321.616 112.35 -1093.03 -177.039 71.8109 -12.41 -1218.77
ENERGY:      19       499.4460       232.8437       441.0549        11.7537         -87457.4912      7207.8409         1.4978         0.0000         0.0000         -79063.0542         0.0000    -79063.0542    -79063.0542         0.0000          15825.3990     -1093.8456    285840.9583     15825.3990     -1093.8456

LINE MINIMIZER BRACKET: DX 0.00016126 0.00016126 DU -26.1891 307.307 DUDX -1.19909e+06 874457 2.94121e+06 
PRESSURE: 20 15835.4 223.459 132.335 226.056 15755.7 -165.96 121.429 -165.583 15744.2
GPRESSURE: 20 -812.564 232.97 332.167 27.9533 -1126.57 -125.842 73.0225 39.1783 -1568.38
ETITLE:      TS           BOND          ANGLE          DIHED          IMPRP               ELECT            VDW       BOUNDARY           MISC        KINETIC               TOTAL           TEMP      POTENTIAL         TOTAL3        TEMPAVG            PRESSURE      GPRESSURE         VOLUME       PRESSAVG      GPRESSAVG

ENERGY:      20        68.5647       122.7508       445.0422         8.8114         -87298.6077      7252.6381         0.7716         0.0000         0.0000         -79400.0290         0.0000    -79400.0290    -79400.0290         0.0000          15778.4548     -1169.1719    285840.9583     15778.4548     -1169.1719

LINE MINIMIZER BRACKET: DX 9.32589e-05 6.80008e-05 DU -55.8569 29.6678 DUDX -1.19909e+06 618.171 874457 
MINIMIZER RESTARTING CONJUGATE GRADIENT ALGORITHM
LINE MINIMIZER REDUCING GRADIENT FROM 1.03361e+06 TO 1033.61
PRESSURE: 21 15627.1 209.931 100.777 212.578 15437.5 -104.871 89.1847 -105.109 15212.3
GPRESSURE: 21 -1079.1 217.594 283.726 11.2958 -1525.55 -69.4465 42.7789 111.579 -2217.62
ENERGY:      21        43.8577       117.8409       445.9208         9.5573         -87659.1035      7165.0417         0.7650         0.0000         0.0000         -79876.1202         0.0000    -79876.1202    -79876.1202         0.0000          15425.6043     -1607.4258    285840.9583     15425.6043     -1607.4258

PRESSURE: 22 15411.8 194.188 60.6956 196.885 15088.1 -47.9496 48.415 -48.8022 14605.4
GPRESSURE: 22 -1350.78 199.62 226.456 -5.76406 -1952.61 -15.7609 3.98416 179.802 -2940.2
ENERGY:      22       289.5895       149.0358       447.6955        10.7672         -88008.3035      7088.8778         1.0539         0.0000         0.0000         -80021.2839         0.0000    -80021.2839    -80021.2839         0.0000          15035.1168     -2081.1977    285840.9583     15035.1168     -2081.1977

PRESSURE: 23 15188.3 175.847 12.0192 178.594 14707.1 4.59502 -0.949285 3.12769 13923
GPRESSURE: 23 -1628.97 178.82 160.475 -24.0405 -2409.06 34.3894 -43.2557 243.643 -3736.77
ENERGY:      23       803.1472       217.2570       450.3140        12.4264         -88346.0058      7023.0270         1.6384         0.0000         0.0000         -79838.1958         0.0000    -79838.1958    -79838.1958         0.0000          14606.1390     -2591.5976    285840.9583     14606.1390     -2591.5976

LINE MINIMIZER BRACKET: DX 0.000621485 0.000621485 DU -145.164 183.088 DUDX -499142 31315.7 556658 
PRESSURE: 24 15433.7 195.877 65.0984 198.568 15124.5 -53.4509 52.8866 -54.2419 14669.4
GPRESSURE: 24 -1323.28 201.559 232.604 -4.0164 -1908.57 -20.9801 8.23609 173.163 -2864.61
ENERGY:      24       252.9102       144.2659       447.4792        10.6263         -87973.6815      7096.0187         1.0117         0.0000         0.0000         -80021.3695         0.0000    -80021.3695    -80021.3695         0.0000          15075.9011     -2032.1536    285840.9583     15075.9011     -2032.1536

LINE MINIMIZER BRACKET: DX 0.000559336 6.21485e-05 DU -145.249 0.0855838 DUDX -499142 -21561.6 31315.7 
PRESSURE: 25 15423.5 195.088 63.0444 197.782 15107.5 -50.8576 50.8003 -51.6776 14639.4
GPRESSURE: 25 -1336.17 200.659 229.738 -4.83731 -1929.22 -18.519 6.24458 176.286 -2900.03
ENERGY:      25       269.8148       146.4615       447.5798        10.6920         -87989.8679      7092.6509         1.0311         0.0000         0.0000         -80021.6377         0.0000    -80021.6377    -80021.6377         0.0000          15056.7894     -2055.1420    285840.9583     15056.7894     -2055.1420

LINE MINIMIZER BRACKET: DX 2.92088e-05 3.29397e-05 DU -0.268184 0.353768 DUDX -21561.6 3282.19 31315.7 
PRESSURE: 26 15424.8 195.191 63.3164 197.885 15109.7 -51.2 51.0766 -52.0162 14643.4
GPRESSURE: 26 -1334.48 200.778 230.117 -4.72999 -1926.5 -18.8442 6.50856 175.874 -2895.36
ENERGY:      26       267.5551       146.1678       447.5665        10.6833         -87987.7393      7093.0930         1.0285         0.0000         0.0000         -80021.6451         0.0000    -80021.6451    -80021.6451         0.0000          15059.3089     -2052.1123    285840.9583     15059.3089     -2052.1123

LINE MINIMIZER BRACKET: DX 2.53629e-05 3.84588e-06 DU -0.275595 0.00741091 DUDX -21561.6 11.657 3282.19 
MINIMIZER RESTARTING CONJUGATE GRADIENT ALGORITHM
LINE MINIMIZER REDUCING GRADIENT FROM 2.54061e+06 TO 2540.61
PRESSURE: 27 15453.6 208.429 89.2751 211.18 15280.8 -97.8944 76.718 -99.4389 15079.5
GPRESSURE: 27 -1318.66 218.442 263.405 12.5727 -1751.4 -67.4462 37.8016 120.036 -2413.38
ENERGY:      27        39.7010       118.2798       445.7756         9.6303         -88117.8710      7060.5819         0.8294         0.0000         0.0000         -80443.0730         0.0000    -80443.0730    -80443.0730         0.0000          15271.2787     -1827.8143    285840.9583     15271.2787     -1827.8143

PRESSURE: 28 15465.4 218.942 107.041 221.749 15414.8 -142.609 94.1665 -144.883 15436
GPRESSURE: 28 -1320.19 232.722 288.203 27.5706 -1613.39 -113.532 60.4786 66.5995 -2011.55
ENERGY:      28        65.1929       123.9299       444.3900         8.9127         -88246.7720      7030.0373         0.8971         0.0000         0.0000         -80573.4119         0.0000    -80573.4119    -80573.4119         0.0000          15438.7220     -1648.3776    285840.9583     15438.7220     -1648.3776

PRESSURE: 29 15460.3 226.724 116.573 229.588 15511.4 -185.376 103.38 -188.378 15713
GPRESSURE: 29 -1338.76 243.572 304.515 40.2754 -1512.74 -157.032 74.4597 15.588 -1690.02
ENERGY:      29       344.8514       162.5761       443.4204         8.5695         -88374.4242      7001.4452         1.2317         0.0000         0.0000         -80412.3299         0.0000    -80412.3299    -80412.3299         0.0000          15561.5637     -1513.8414    285840.9583     15561.5637     -1513.8414

LINE MINIMIZER BRACKET: DX 0.000223136 0.000223136 DU -130.339 161.082 DUDX -1.2366e+06 68576.9 1.37555e+06 
PRESSURE: 30 15465 218.015 105.632 220.816 15403 -138.226 92.7894 -140.426 15404
GPRESSURE: 30 -1318.13 229.115 289.115 21.5298 -1622.73 -108.937 60.8161 73.3848 -2051.6
ETITLE:      TS           BOND          ANGLE          DIHED          IMPRP               ELECT            VDW       BOUNDARY           MISC        KINETIC               TOTAL           TEMP      POTENTIAL         TOTAL3        TEMPAVG            PRESSURE      GPRESSURE         VOLUME       PRESSAVG      GPRESSAVG

ENERGY:      30        51.2179       121.8734       444.5098         8.9690         -88233.9300      7033.0038         0.8783         0.0000         0.0000         -80573.4778         0.0000    -80573.4778    -80573.4778         0.0000          15423.9867     -1664.1571    285840.9583     15423.9867     -1664.1571

LINE MINIMIZER BRACKET: DX 0.000200822 2.23136e-05 DU -130.405 0.0658707 DUDX -1.2366e+06 -62011.7 68576.9 
PRESSURE: 31 15465.2 218.462 106.316 221.266 15408.7 -140.32 93.4573 -142.555 15419.4
GPRESSURE: 31 -1318.55 229.728 290.128 22.1993 -1616.9 -111.083 61.7239 70.8834 -2034.05
ENERGY:      31        57.5708       122.8137       444.4521         8.9417         -88240.0559      7031.5856         0.8870         0.0000         0.0000         -80573.8051         0.0000    -80573.8051    -80573.8051         0.0000          15431.0784     -1656.4990    285840.9583     15431.0784     -1656.4990

LINE MINIMIZER BRACKET: DX 1.06498e-05 1.16638e-05 DU -0.32729 0.39316 DUDX -62011.7 312.162 68576.9 
LINE MINIMIZER REDUCING GRADIENT FROM 841374 TO 841.374
PRESSURE: 32 15103.7 187.646 100.078 190.678 15077.4 -132.397 84.1309 -137.736 15137.7
GPRESSURE: 32 -1872.73 219.288 278.327 -17.4132 -2132.69 -107.661 81.5145 76.4297 -2499.64
ENERGY:      32        61.5715       116.4341       445.0498         6.9122         -89365.0267      6812.5221         1.0314         0.0000         0.0000         -81921.5056         0.0000    -81921.5056    -81921.5056         0.0000          15106.2893     -2168.3550    285840.9583     15106.2893     -2168.3550

PRESSURE: 33 14807.2 159.878 94.4975 163.137 14804 -125.369 75.4623 -133.81 14909.6
GPRESSURE: 33 -2340.38 211.547 268.191 -54.2602 -2570.07 -104.444 102.386 80.8296 -2888.42
ENERGY:      33        84.1964       116.3866       446.4571         6.5481         -90370.8586      6645.8036         1.2435         0.0000         0.0000         -83070.2232         0.0000    -83070.2232    -83070.2232         0.0000          14840.2386     -2599.6220    285840.9583     14840.2386     -2599.6220

MINIMIZER RESTARTING CONJUGATE GRADIENT ALGORITHM DUE TO POOR PROGRESS
LINE MINIMIZER REDUCING GRADIENT FROM 665157 TO 665.157
PRESSURE: 34 14621.6 192.716 39.5533 196.22 14538.9 -60.3647 20.0435 -69.1923 14409.8
GPRESSURE: 34 -2528.99 222.473 178.108 8.59223 -2857.41 -40.65 35.365 167.168 -3437.3
ENERGY:      34        40.1229       130.6661       445.0200         9.1658         -90603.7632      6603.9994         1.3118         0.0000         0.0000         -83373.4772         0.0000    -83373.4772    -83373.4772         0.0000          14523.4254     -2941.2347    285840.9583     14523.4254     -2941.2347

PRESSURE: 35 14407.5 219.571 -23.9444 223.321 14232.6 -6.52871 -43.9317 -15.7398 13830
GPRESSURE: 35 -2748.97 226.254 78.5247 64.7991 -3189.78 11.5253 -40.9924 240.605 -4076.45
ENERGY:      35       265.8196       203.8075       447.2295        16.0156         -90832.2700      6567.8305         1.7706         0.0000         0.0000         -83329.7967         0.0000    -83329.7967    -83329.7967         0.0000          14156.6990     -3338.3987    285840.9583     14156.6990     -3338.3987

LINE MINIMIZER BRACKET: DX 0.000717458 0.000717458 DU -303.254 43.6804 DUDX -665157 -180488 301591 
PRESSURE: 36 14544.9 203.413 16.8718 207.009 14429.1 -38.8841 -2.81631 -47.8554 14202.5
GPRESSURE: 36 -2607.44 224.668 142.031 30.359 -2976.34 -19.6889 7.94563 196.199 -3665.48
ENERGY:      36        92.8932       151.2198       445.4399        11.2373         -90689.7023      6589.8485         1.4376         0.0000         0.0000         -83397.6259         0.0000    -83397.6259    -83397.6259         0.0000          14392.1841     -3083.0884    285840.9583     14392.1841     -3083.0884

LINE MINIMIZER BRACKET: DX 0.000268245 0.000449213 DU -24.1487 67.8292 DUDX -180488 241.356 301591 
LINE MINIMIZER REDUCING GRADIENT FROM 1.00531e+06 TO 1005.31
PRESSURE: 37 14264.7 233.72 -0.850967 237.597 14254.9 -21.536 -22.3183 -32.4681 14175.3
GPRESSURE: 37 -2968.7 248.458 102.977 79.6192 -3238.23 -8.27219 -9.04046 220.029 -3751.38
ENERGY:      37        93.1001       179.9647       446.0487        19.4948         -91391.0820      6473.1174         1.7060         0.0000         0.0000         -84177.6503         0.0000    -84177.6503    -84177.6503         0.0000          14231.6435     -3319.4343    285840.9583     14231.6435     -3319.4343

PRESSURE: 38 13992.4 270.168 -24.3469 274.328 14089.6 9.67479 -47.5975 -3.21708 14129.9
GPRESSURE: 38 -3316.97 277.41 57.404 134.403 -3487.5 18.1031 -33.2092 257.356 -3856.07
ENERGY:      38       215.7014       238.2077       449.2588        36.8549         -92048.1043      6379.4310         2.1745         0.0000         0.0000         -84726.4759         0.0000    -84726.4759    -84726.4759         0.0000          14070.6606     -3553.5158    285840.9583     14070.6606     -3553.5158

PRESSURE: 39 13729.9 313.681 -54.1384 318.127 13934.2 56.6973 -79.1762 41.8468 14066.9
GPRESSURE: 39 -3650.97 312.24 4.88451 195.22 -3721.92 61.9566 -65.1678 310.43 -3978.41
ENERGY:      39       461.4888       326.6375       454.1569        66.6702         -92658.6455      6309.7221         2.8430         0.0000         0.0000         -85037.1270         0.0000    -85037.1270    -85037.1270         0.0000          13910.3675     -3783.7663    285840.9583     13910.3675     -3783.7663

PRESSURE: 40 13479.8 363.655 -90.9261 368.389 13791 120.035 -117.755 103.227 13986.6
GPRESSURE: 40 -3970.94 349.441 -49.4532 263.365 -3943.97 123.241 -103.42 381.932 -4119.39
TIMING: 40  CPU: 4.97193, 0.120392/step  Wall: 4.98024, 0.120516/step, 1.6725 hours remaining, 322.718750 MB of memory in use.
ETITLE:      TS           BOND          ANGLE          DIHED          IMPRP               ELECT            VDW       BOUNDARY           MISC        KINETIC               TOTAL           TEMP      POTENTIAL         TOTAL3        TEMPAVG            PRESSURE      GPRESSURE         VOLUME       PRESSAVG      GPRESSAVG

ENERGY:      40       830.7120       445.6049       459.8738       111.1448         -93221.2554      6265.7057         3.7113         0.0000         0.0000         -85104.5027         0.0000    -85104.5027    -85104.5027         0.0000          13752.4559     -4011.4331    285840.9583     13752.4559     -4011.4331

PRESSURE: 41 13246.4 418.923 -135.131 423.947 13662.9 197.95 -163.755 179.186 13890.3
GPRESSURE: 41 -4270.74 394.384 -118.103 333.234 -4139.4 201.54 -152.602 465.581 -4271.69
ENERGY:      41      1323.4013       595.5461       465.6296       169.1827         -93734.9048      6250.1793         4.7793         0.0000         0.0000         -84926.1864         0.0000    -84926.1864    -84926.1864         0.0000          13599.8466     -4227.2771    285840.9583     13599.8466     -4227.2771

LINE MINIMIZER BRACKET: DX 0.00088818 0.00088818 DU -67.3757 178.316 DUDX -215857 58403.5 333458 
PRESSURE: 42 13533.3 352.335 -82.3347 357.006 13821 104.875 -108.774 88.4931 14005.7
GPRESSURE: 42 -3902.73 340.232 -35.5298 248.733 -3898.34 108.248 -94.0758 365.41 -4087.66
ENERGY:      42       739.8497       416.9811       458.6131       100.1932         -93100.4705      6272.9249         3.5054         0.0000         0.0000         -85108.4032         0.0000    -85108.4032    -85108.4032         0.0000          13786.6599     -3962.9092    285840.9583     13786.6599     -3962.9092

LINE MINIMIZER BRACKET: DX 0.000695002 0.000193178 DU -71.2762 3.90049 DUDX -215857 -1954.06 58403.5 
PRESSURE: 43 13527.9 353.46 -83.1831 358.138 13818 106.354 -109.661 89.9293 14003.8
GPRESSURE: 43 -3909.55 341.141 -36.8971 250.196 -3902.93 109.71 -95.0147 367.019 -4090.79
ENERGY:      43       748.6681       419.7645       458.7387       101.2556         -93112.4261      6272.1390         3.5255         0.0000         0.0000         -85108.3346         0.0000    -85108.3346    -85108.3346         0.0000          13783.2420     -3967.7567    285840.9583     13783.2420     -3967.7567

LINE MINIMIZER BRACKET: DX 0.000695002 1.93178e-05 DU -71.2762 0.0686502 DUDX -215857 -1954.06 4026.52 
PRESSURE: 44 13532.3 352.535 -82.485 357.207 13820.5 105.136 -108.931 88.7466 14005.3
GPRESSURE: 44 -3903.94 340.393 -35.7722 248.993 -3899.16 108.506 -94.2424 365.694 -4088.21
ENERGY:      44       741.4097       417.4737       458.6354       100.3811         -93102.5926      6272.7845         3.5090         0.0000         0.0000         -85108.3992         0.0000    -85108.3992    -85108.3992         0.0000          13786.0536     -3963.7692    285840.9583     13786.0536     -3963.7692

LINE MINIMIZER BRACKET: DX 0.000695002 3.4268e-06 DU -71.2762 0.00399297 DUDX -215857 -1954.06 -893.34 
PRESSURE: 45 13533.3 352.335 -82.3347 357.006 13821 104.875 -108.774 88.4931 14005.7
GPRESSURE: 45 -3902.73 340.231 -35.5298 248.733 -3898.34 108.248 -94.0759 365.41 -4087.66
ENERGY:      45       739.8496       416.9810       458.6131       100.1932         -93100.4699      6272.9248         3.5054         0.0000         0.0000         -85108.4027         0.0000    -85108.4027    -85108.4027         0.0000          13786.6599     -3962.9091    285840.9583     13786.6599     -3962.9091

LINE MINIMIZER REDUCING GRADIENT FROM 4.94211e+06 TO 4942.11
PRESSURE: 46 13642.9 304.867 -53.1533 309.334 13862.5 63.016 -80.439 45.9012 14030
GPRESSURE: 46 -3840.45 316.832 11.8518 178.56 -3897.34 69.8105 -49.9531 314.508 -4114.23
ENERGY:      46       398.2855       306.7796       455.0046        66.8291         -93263.9887      6258.9908         3.0120         0.0000         0.0000         -85775.0872         0.0000    -85775.0872    -85775.0872         0.0000          13845.1450     -3950.6745    285840.9583     13845.1450     -3950.6745

PRESSURE: 47 13733.5 261.12 -28.1237 265.384 13889.2 29.9185 -56.2569 12.0722 14017.6
GPRESSURE: 47 -3799.71 295.948 55.6487 111.19 -3916.31 40.0741 -10.016 271.652 -4186.5
ENERGY:      47       183.5391       226.4504       452.2979        44.3740         -93423.6211      6247.9671         2.6940         0.0000         0.0000         -86266.2986         0.0000    -86266.2986    -86266.2986         0.0000          13880.0922     -3967.5067    285840.9583     13880.0922     -3967.5067

PRESSURE: 48 13805 221.472 -6.8247 225.534 13899.9 4.85648 -35.8064 -13.7198 13969
GPRESSURE: 48 -3780.4 278.064 96.1742 47.2556 -3956.27 18.3747 26.0932 236.439 -4303.34
ENERGY:      48        97.0931       175.5353       450.5797        29.3721         -93579.3754      6239.8576         2.5515         0.0000         0.0000         -86584.3863         0.0000    -86584.3863    -86584.3863         0.0000          13891.2972     -4013.3383    285840.9583     13891.2972     -4013.3383

MINIMIZER RESTARTING CONJUGATE GRADIENT ALGORITHM DUE TO POOR PROGRESS
LINE MINIMIZER REDUCING GRADIENT FROM 619037 TO 619.037
PRESSURE: 49 13854.2 184.557 20.1788 188.373 13957.9 -20.3308 -9.48729 -40.2006 14054.4
GPRESSURE: 49 -3787.78 243.307 149.922 -1.21789 -3943.5 -6.32975 63.8348 194.934 -4250.95
ENERGY:      49        33.4314       140.0011       447.0086        21.8271         -93651.4782      6221.3939         2.4390         0.0000         0.0000         -86785.3771         0.0000    -86785.3771    -86785.3771         0.0000          13955.5017     -3994.0793    285840.9583     13955.5017     -3994.0793

LDB: ============= START OF LOAD BALANCING ============== 31.0977
LDB: Largest compute 71 load 0.196760 is 4.3% of average load 4.549480
LDB: Average compute 0.022551 is 0.5% of average load 4.549480
LDB: Partitioning computes with target load 0.454948
LDB: Increased migratable compute count from 684 to 684
LDB: Largest unpartitionable compute is 0.005219
LDB: ============== END OF LOAD BALANCING =============== 31.0989
Info: useSync: 0 useProxySync: 0
LDB: =============== DONE WITH MIGRATION ================ 31.1002
PRESSURE: 50 13886.1 146.006 45.6081 149.576 14001 -57.0458 15.2546 -78.2104 14108.6
GPRESSURE: 50 -3816.45 206.55 202.106 -51.4687 -3949.41 -40.3706 100.312 142.355 -4235
Info: Initial time: 4 CPUs 0.125456 s/step 0.726019 days/ns 322.891 MB memory
ETITLE:      TS           BOND          ANGLE          DIHED          IMPRP               ELECT            VDW       BOUNDARY           MISC        KINETIC               TOTAL           TEMP      POTENTIAL         TOTAL3        TEMPAVG            PRESSURE      GPRESSURE         VOLUME       PRESSAVG      GPRESSAVG

ENERGY:      50        70.3392       134.1308       445.6287        16.3026         -93723.1699      6205.9211         2.4717         0.0000         0.0000         -86848.3758         0.0000    -86848.3758    -86848.3758         0.0000          13998.5778     -4000.2854    285840.9583     13998.5778     -4000.2854

PRESSURE: 51 13900.6 105.363 69.1805 108.69 14029.4 -104.64 38.1369 -127.101 14131.9
GPRESSURE: 51 -3865.79 166.483 252.666 -103.738 -3973.96 -84.9525 134.974 78.3726 -4255.15
ENERGY:      51       208.4957       158.9572       446.7121        13.0068         -93794.4245      6193.6014         2.6494         0.0000         0.0000         -86771.0019         0.0000    -86771.0019    -86771.0019         0.0000          14020.6628     -4031.6350    285840.9583     14020.6628     -4031.6350

LINE MINIMIZER BRACKET: DX 0.000434533 0.000434533 DU -62.9988 77.3739 DUDX -305090 14876.9 339549 
PRESSURE: 52 13883.7 149.947 43.1563 153.542 13997.4 -52.854 12.8719 -73.8892 14104.6
GPRESSURE: 52 -3812.66 210.399 196.925 -46.3417 -3947.97 -36.4356 96.7291 148.156 -4234.96
ENERGY:      52        62.0934       133.3571       445.6628        16.7616         -93716.0190      6207.3311         2.4619         0.0000         0.0000         -86848.3512         0.0000    -86848.3512    -86848.3512         0.0000          13995.2140     -3998.5297    285840.9583     13995.2140     -3998.5297

LINE MINIMIZER BRACKET: DX 4.34533e-05 0.000434533 DU -0.0246533 77.3739 DUDX -17377.3 14876.9 339549 
LINE MINIMIZER REDUCING GRADIENT FROM 427430 TO 427.43
PRESSURE: 53 13832.7 132.435 52.2416 135.919 13959.6 -58.8903 21.483 -81.0435 14048.8
GPRESSURE: 53 -3896.76 191.444 207.777 -62.526 -4008.3 -41.075 109.031 136.154 -4311.78
ENERGY:      53        53.2920       132.0349       444.4714         9.0806         -93828.7422      6185.9631         2.4469         0.0000         0.0000         -87001.4533         0.0000    -87001.4533    -87001.4533         0.0000          13947.0417     -4072.2803    285840.9583     13947.0417     -4072.2803

PRESSURE: 54 13777.8 117.124 57.8899 120.498 13921.9 -57.589 26.6548 -80.8592 13980.9
GPRESSURE: 54 -3984.97 174.029 214.398 -77.1644 -4069.27 -38.1957 116.688 131.947 -4403.86
ENERGY:      54        69.6670       139.5669       446.1932         8.9884         -93940.4256      6167.2152         2.5134         0.0000         0.0000         -87106.2814         0.0000    -87106.2814    -87106.2814         0.0000          13893.5430     -4152.6988    285840.9583     13893.5430     -4152.6988

PRESSURE: 55 13718.8 103.753 60.7653 107.017 13885 -52.1652 29.0513 -76.5518 13900.2
GPRESSURE: 55 -4077.24 157.863 217.55 -90.3437 -4128.89 -30.3027 120.578 133.02 -4510.46
ENERGY:      55       110.5174       155.4393       449.1223        13.1919         -94051.0598      6151.0095         2.6613         0.0000         0.0000         -87169.1181         0.0000    -87169.1181    -87169.1181         0.0000          13834.6724     -4238.8642    285840.9583     13834.6724     -4238.8642

MINIMIZER RESTARTING CONJUGATE GRADIENT ALGORITHM DUE TO POOR PROGRESS
LINE MINIMIZER REDUCING GRADIENT FROM 601748 TO 601.748
PRESSURE: 56 13703.3 127.057 47.0691 130.393 13857.4 -50.3362 15.8285 -74.3091 13899.6
GPRESSURE: 56 -4064.54 179.329 192.13 -56.0851 -4142.61 -34.3499 99.7374 138.393 -4490.07
ENERGY:      56        43.8498       133.1198       446.1516        11.0200         -94107.0415      6141.0042         2.5673         0.0000         0.0000         -87329.3288         0.0000    -87329.3288    -87329.3288         0.0000          13820.1053     -4232.4069    285840.9583     13820.1053     -4232.4069

PRESSURE: 57 13673.1 150.441 28.6869 153.849 13822.8 -50.3584 -2.08347 -73.9188 13870.7
GPRESSURE: 57 -4069.03 200.068 160.395 -22.2425 -4166.61 -39.1001 72.2002 143.214 -4503.14
ENERGY:      57        53.3470       132.7486       444.2595        10.1059         -94162.7770      6131.7096         2.5887         0.0000         0.0000         -87388.0177         0.0000    -87388.0177    -87388.0177         0.0000          13788.8781     -4246.2621    285840.9583     13788.8781     -4246.2621

PRESSURE: 58 13628.8 174.069 5.40926 177.551 13780.5 -52.3509 -24.8941 -75.4993 13813.9
GPRESSURE: 58 -4090.69 220.066 122.429 11.2988 -4201.13 -44.2572 38.0152 147.962 -4549.36
ENERGY:      58       138.0008       156.2264       443.4922        10.7077         -94218.2661      6123.1343         2.7252         0.0000         0.0000         -87343.9795         0.0000    -87343.9795    -87343.9795         0.0000          13741.0862     -4280.3934    285840.9583     13741.0862     -4280.3934

LINE MINIMIZER BRACKET: DX 0.000349825 0.000349825 DU -58.6889 44.0382 DUDX -313336 -21697.6 272700 
PRESSURE: 59 13669.3 152.792 26.5796 156.208 13818.9 -50.4672 -4.14405 -73.9859 13866.3
GPRESSURE: 59 -4070.43 202.1 156.88 -18.8742 -4169.58 -39.5976 69.0889 143.684 -4506.27
ENERGY:      59        58.4524       133.9849       444.1319        10.0899         -94168.3344      6130.8189         2.5971         0.0000         0.0000         -87388.2594         0.0000    -87388.2594    -87388.2594         0.0000          13784.8453     -4248.7577    285840.9583     13784.8453     -4248.7577

LDB: ============= START OF LOAD BALANCING ============== 32.5235
LDB: ============== END OF LOAD BALANCING =============== 32.5235
Info: useSync: 0 useProxySync: 0
LDB: =============== DONE WITH MIGRATION ================ 32.5242
LINE MINIMIZER BRACKET: DX 3.49825e-05 0.000314843 DU -0.241644 44.2798 DUDX -21697.6 7552.18 272700 
PRESSURE: 60 13670.3 152.178 27.1329 155.591 13820 -50.4398 -3.60297 -73.9693 13867.5
GPRESSURE: 60 -4070.96 202.883 157.431 -16.3176 -4169.05 -41.5852 70.2882 142.364 -4506.14
ETITLE:      TS           BOND          ANGLE          DIHED          IMPRP               ELECT            VDW       BOUNDARY           MISC        KINETIC               TOTAL           TEMP      POTENTIAL         TOTAL3        TEMPAVG            PRESSURE      GPRESSURE         VOLUME       PRESSAVG      GPRESSAVG

ENERGY:      60        57.0462       133.6381       444.1644        10.0929         -94166.8831      6131.0506         2.5948         0.0000         0.0000         -87388.2960         0.0000    -87388.2960    -87388.2960         0.0000          13785.9149     -4248.7171    285840.9583     13785.9149     -4248.7171

LINE MINIMIZER BRACKET: DX 2.5847e-05 9.13551e-06 DU -0.278287 0.0366422 DUDX -21697.6 -102.355 7552.18 
LINE MINIMIZER REDUCING GRADIENT FROM 382151 TO 382.151
PRESSURE: 61 13625.3 169.048 19.2761 172.572 13762.3 -28.6882 -11.4626 -52.1357 13789.5
GPRESSURE: 61 -4119.64 217.949 139.722 5.32681 -4239.78 -18.0391 58.317 173.186 -4605.78
ENERGY:      61        43.4002       136.0981       443.1639        10.4293         -94291.4770      6113.7559         2.6038         0.0000         0.0000         -87542.0258         0.0000    -87542.0258    -87542.0258         0.0000          13725.6795     -4321.7346    285840.9583     13725.6795     -4321.7346

PRESSURE: 62 13575.6 180.354 11.552 183.989 13693.2 -17.3612 -19.1902 -40.7258 13701.8
GPRESSURE: 62 -4173.6 226.733 122.253 21.4827 -4321.14 -4.41254 46.8922 192.882 -4716.66
ENERGY:      62        70.3880       150.3039       445.6682        16.7855         -94414.8655      6099.0142         2.7112         0.0000         0.0000         -87629.9944         0.0000    -87629.9944    -87629.9944         0.0000          13656.8707     -4403.8009    285840.9583     13656.8707     -4403.8009

PRESSURE: 63 13520.3 186.701 2.20446 190.447 13616.9 -16.1507 -28.5419 -39.4316 13600.5
GPRESSURE: 63 -4234.11 230.123 103.238 32.8179 -4410.04 -0.575304 34.3475 201.654 -4842.74
ENERGY:      63       134.7489       176.3869       450.2251        26.7169         -94537.0308      6086.3375         2.9170         0.0000         0.0000         -87659.6986         0.0000    -87659.6986    -87659.6986         0.0000          13579.2552     -4495.6273    285840.9583     13579.2552     -4495.6273

PRESSURE: 64 13460.3 188.513 -8.21844 192.371 13534 -24.5424 -38.9695 -47.7389 13484.5
GPRESSURE: 64 -4300.34 228.428 83.3219 39.5542 -4504.96 -5.51989 21.4065 201.061 -4984.19
ENERGY:      64       231.7866       215.1716       455.4998        38.6222         -94657.9529      6075.4461         3.2211         0.0000         0.0000         -87638.2055         0.0000    -87638.2055    -87638.2055         0.0000          13492.9264     -4596.4983    285840.9583     13492.9264     -4596.4983

LINE MINIMIZER BRACKET: DX 0.000492548 0.000492548 DU -29.7042 21.4931 DUDX -117145 -6948.83 90607.9 
PRESSURE: 65 13514.5 187.085 1.201 190.842 13608.9 -16.5862 -29.5457 -39.8589 13589.6
GPRESSURE: 65 -4240.49 230.184 101.279 33.7003 -4419.26 -0.695035 33.0555 201.978 -4856.18
ENERGY:      65       143.0708       179.6588       450.7298        27.8357         -94549.1624      6085.1706         2.9430         0.0000         0.0000         -87659.7538         0.0000    -87659.7538    -87659.7538         0.0000          13571.0073     -4505.3116    285840.9583     13571.0073     -4505.3116

LINE MINIMIZER BRACKET: DX 4.92548e-05 0.000443293 DU -0.0551573 21.5483 DUDX -6948.83 3309.96 90607.9 
PRESSURE: 66 13516.7 186.947 1.5749 190.7 13611.9 -16.4142 -29.1716 -39.69 13593.7
GPRESSURE: 66 -4238.1 230.168 102.01 33.3761 -4415.81 -0.638029 33.5339 201.866 -4851.14
ENERGY:      66       139.9225       178.4173       450.5401        27.4146         -94544.6245      6085.6043         2.9331         0.0000         0.0000         -87659.7925         0.0000    -87659.7925    -87659.7925         0.0000          13574.0984     -4501.6813    285840.9583     13574.0984     -4501.6813

LINE MINIMIZER BRACKET: DX 3.08531e-05 1.84017e-05 DU -0.0938702 0.0387128 DUDX -6948.83 -512.713 3309.96 
PRESSURE: 67 13516.5 186.96 1.53744 190.714 13611.6 -16.4302 -29.2091 -39.7057 13593.3
GPRESSURE: 67 -4238.34 230.17 101.937 33.4086 -4416.15 -0.642635 33.486 201.879 -4851.64
ENERGY:      67       140.2353       178.5407       450.5591        27.4566         -94545.0778      6085.5608         2.9341         0.0000         0.0000         -87659.7912         0.0000    -87659.7912    -87659.7912         0.0000          13573.7911     -4502.0426    285840.9583     13573.7911     -4502.0426

LINE MINIMIZER BRACKET: DX 3.08531e-05 1.84017e-06 DU -0.0938702 0.00128726 DUDX -6948.83 -512.713 -129.678 
PRESSURE: 68 13516.7 186.947 1.57489 190.7 13611.9 -16.4142 -29.1716 -39.69 13593.7
GPRESSURE: 68 -4238.1 230.168 102.01 33.3761 -4415.81 -0.637989 33.5339 201.866 -4851.14
ENERGY:      68       139.9225       178.4173       450.5401        27.4146         -94544.6245      6085.6043         2.9331         0.0000         0.0000         -87659.7925         0.0000    -87659.7925    -87659.7925         0.0000          13574.0984     -4501.6814    285840.9583     13574.0984     -4501.6814

LINE MINIMIZER REDUCING GRADIENT FROM 776528 TO 776.528
PRESSURE: 69 13520.9 163.638 26.6502 167.297 13625.3 -37.94 -5.37365 -62.942 13703.8
GPRESSURE: 69 -4319.89 201.31 150.392 8.53774 -4482.56 -18.2775 66.342 167.435 -4809.73
ENERGY:      69        72.7993       164.0181       451.3655        39.0848         -94833.7076      6055.2688         3.1177         0.0000         0.0000         -88048.0534         0.0000    -88048.0534    -88048.0534         0.0000          13616.6704     -4537.3942    285840.9583     13616.6704     -4537.3942

PRESSURE: 70 13518.1 144.309 47.3725 147.875 13634.3 -49.7379 14.0712 -76.4662 13796.3
GPRESSURE: 70 -4408.81 175.845 190.16 -13.2182 -4552.87 -26.3157 91.7541 142.531 -4791.6
ETITLE:      TS           BOND          ANGLE          DIHED          IMPRP               ELECT            VDW       BOUNDARY           MISC        KINETIC               TOTAL           TEMP      POTENTIAL         TOTAL3        TEMPAVG            PRESSURE      GPRESSURE         VOLUME       PRESSAVG      GPRESSAVG

ENERGY:      70        63.4616       166.3606       452.9947        57.5725         -95115.7225      6029.5030         3.4101         0.0000         0.0000         -88342.4200         0.0000    -88342.4200    -88342.4200         0.0000          13649.5769     -4584.4250    285840.9583     13649.5769     -4584.4250

MINIMIZER RESTARTING CONJUGATE GRADIENT ALGORITHM DUE TO POOR PROGRESS
LINE MINIMIZER REDUCING GRADIENT FROM 411940 TO 411.94
PRESSURE: 71 13498.1 140.92 47.8634 144.393 13622.1 -53.227 14.3038 -80.3918 13734.8
GPRESSURE: 71 -4435.16 173.79 187.431 -15.1713 -4569.75 -30.8027 91.1157 136.694 -4859.89
ENERGY:      71        42.9599       145.3805       449.6557        35.0974         -95157.6388      6027.1135         3.2155         0.0000         0.0000         -88454.2163         0.0000    -88454.2163    -88454.2163         0.0000          13618.3352     -4621.6015    285840.9583     13618.3352     -4621.6015

PRESSURE: 72 13474.7 137.739 46.2735 141.119 13604.5 -48.0019 12.4544 -75.6026 13660.1
GPRESSURE: 72 -4466.02 171.731 182.384 -17.292 -4591.2 -25.8414 88.3102 140.279 -4942.37
ENERGY:      72        44.5492       136.5472       446.2362        19.3478         -95199.4194      6025.4669         3.0962         0.0000         0.0000         -88524.1758         0.0000    -88524.1758    -88524.1758         0.0000          13579.7769     -4666.5317    285840.9583     13579.7769     -4666.5317

PRESSURE: 73 13446.6 134.712 42.4255 138.001 13584.5 -34.5214 8.3457 -62.5572 13572
GPRESSURE: 73 -4502.34 169.613 174.816 -19.5141 -4614.96 -12.2423 83.0527 152.425 -5040.22
ENERGY:      73        64.1234       138.4269       443.6044        10.8332         -95241.0513      6024.6779         3.0524         0.0000         0.0000         -88556.3331         0.0000    -88556.3331    -88556.3331         0.0000          13534.3727     -4719.1742    285840.9583     13534.3727     -4719.1742

PRESSURE: 74 13412.7 130.856 36.2325 134.054 13563.9 -15.1128 1.89092 -43.583 13471.2
GPRESSURE: 74 -4544.99 166.434 164.582 -22.7153 -4640.42 7.01757 75.2176 170.263 -5153.54
ENERGY:      74        98.0227       148.7989       443.5880         9.0247         -95282.5335      6024.9133         3.0839         0.0000         0.0000         -88555.1020         0.0000    -88555.1020    -88555.1020         0.0000          13482.5906     -4779.6499    285840.9583     13482.5906     -4779.6499

LINE MINIMIZER BRACKET: DX 0.000324801 0.000324801 DU -32.1573 1.23112 DUDX -155006 -44796.7 51273.3 
PRESSURE: 75 13431.7 133.125 39.7478 136.371 13575.2 -26.0699 5.54748 -54.306 13527
GPRESSURE: 75 -4521.24 168.386 170.322 -20.7752 -4626.43 -3.82463 79.6422 160.161 -5090.72
ENERGY:      75        78.1598       142.2893       443.1696         9.2308         -95260.1879      6024.6470         3.0575         0.0000         0.0000         -88559.6339         0.0000    -88559.6339    -88559.6339         0.0000          13511.2733     -4746.1301    285840.9583     13511.2733     -4746.1301

LINE MINIMIZER BRACKET: DX 0.000149731 0.00017507 DU -3.30074 4.53186 DUDX -44796.7 1492.6 51273.3 
PRESSURE: 76 13433.2 133.293 40.0383 136.544 13576.1 -26.9641 5.85004 -55.1802 13531.6
GPRESSURE: 76 -4519.28 168.521 170.798 -20.6378 -4625.27 -4.71095 80.0082 159.343 -5085.52
ENERGY:      76        76.6286       141.8285       443.1811         9.3295         -95258.2750      6024.6398         3.0563         0.0000         0.0000         -88559.6112         0.0000    -88559.6112    -88559.6112         0.0000          13513.6438     -4743.3571    285840.9583     13513.6438     -4743.3571

LINE MINIMIZER BRACKET: DX 1.49731e-05 0.00017507 DU -0.0226306 4.53186 DUDX -3010.63 1492.6 51273.3 
PRESSURE: 77 13432.1 133.166 39.8195 136.414 13575.4 -26.2928 5.62212 -54.5239 13528.1
GPRESSURE: 77 -4520.75 168.42 170.44 -20.7411 -4626.14 -4.04561 79.7327 159.957 -5089.42
ENERGY:      77        77.7769       142.1733       443.1718         9.2541         -95259.7128      6024.6450         3.0572         0.0000         0.0000         -88559.6346         0.0000    -88559.6346    -88559.6346         0.0000          13511.8636     -4745.4396    285840.9583     13511.8636     -4745.4396

LINE MINIMIZER BRACKET: DX 1.12533e-05 3.71983e-06 DU -0.0233352 0.000704584 DUDX -3010.63 377.532 1492.6 
LINE MINIMIZER REDUCING GRADIENT FROM 495712 TO 495.712
PRESSURE: 78 13417.5 125.509 35.7928 128.645 13584.1 -24.5885 1.45337 -53.4039 13540.6
GPRESSURE: 78 -4550.5 159.62 165.093 -27.2169 -4629.05 -3.5288 75.639 156.225 -5081.87
ENERGY:      78        51.5495       140.3227       443.7250         9.4163         -95326.3117      6021.6750         3.0473         0.0000         0.0000         -88656.5758         0.0000    -88656.5758    -88656.5758         0.0000          13514.0860     -4753.8068    285840.9583     13514.0860     -4753.8068

PRESSURE: 79 13401.1 115.082 33.2281 118.106 13583.3 -34.1547 -1.25339 -63.5526 13549
GPRESSURE: 79 -4581.71 147.439 161.388 -35.8857 -4638.82 -13.1861 73.5232 141.061 -5078.56
ENERGY:      79        49.3343       143.9491       445.9370        14.8634         -95392.5634      6020.6981         3.1115         0.0000         0.0000         -88714.6700         0.0000    -88714.6700    -88714.6700         0.0000          13511.1363     -4766.3642    285840.9583     13511.1363     -4766.3642

PRESSURE: 80 13383.2 102.138 31.3834 105.05 13574 -54.2306 -3.24019 -84.2093 13553.7
GPRESSURE: 80 -4614.11 132.567 160.603 -46.4654 -4654.67 -30.2658 72.8132 115.085 -5079.46
TIMING: 80  CPU: 10.2257, 0.131345/step  Wall: 10.2397, 0.131486/step, 1.82328 hours remaining, 323.054688 MB of memory in use.
ETITLE:      TS           BOND          ANGLE          DIHED          IMPRP               ELECT            VDW       BOUNDARY           MISC        KINETIC               TOTAL           TEMP      POTENTIAL         TOTAL3        TEMPAVG            PRESSURE      GPRESSURE         VOLUME       PRESSAVG      GPRESSAVG

ENERGY:      80        75.2050       153.8993       448.3553        26.9504         -95458.4668      6022.6726         3.2497         0.0000         0.0000         -88728.1344         0.0000    -88728.1344    -88728.1344         0.0000          13503.6279     -4782.7455    285840.9583     13503.6279     -4782.7455

PRESSURE: 81 13364.4 85.6641 29.4959 88.4639 13559.2 -84.1242 -5.26993 -114.682 13555
GPRESSURE: 81 -4647.52 113.161 157.799 -58.1285 -4673.22 -56.3371 72.2111 78.1218 -5084.52
ENERGY:      81       132.3414       170.3753       450.9821        46.2411         -95524.0107      6029.1744         3.4619         0.0000         0.0000         -88691.4346         0.0000    -88691.4346    -88691.4346         0.0000          13492.8727     -4801.7514    285840.9583     13492.8727     -4801.7514

LINE MINIMIZER BRACKET: DX 0.000229943 0.000229943 DU -13.4644 36.6998 DUDX -159783 46448.1 274188 
PRESSURE: 82 13387.3 105.255 31.786 108.192 13576.6 -48.9361 -2.80636 -78.7863 13552.9
GPRESSURE: 82 -4606.8 136.243 161.206 -44.1181 -4650.77 -25.4393 72.9723 121.827 -5078.9
ENERGY:      82        66.8913       151.1299       447.8102        23.6550         -95443.9138      6021.9137         3.2128         0.0000         0.0000         -88729.3010         0.0000    -88729.3010    -88729.3010         0.0000          13505.6296     -4778.8235    285840.9583     13505.6296     -4778.8235

LINE MINIMIZER BRACKET: DX 0.000179086 5.08574e-05 DU -14.631 1.16653 DUDX -159783 -1256.41 46448.1 
PRESSURE: 83 13386.9 104.951 31.7459 107.885 13576.4 -49.4441 -2.84957 -79.3071 13553
GPRESSURE: 83 -4607.53 135.884 161.146 -44.349 -4651.15 -25.9045 72.9554 121.177 -5078.94
ENERGY:      83        67.6546       151.3918       447.8641        23.9681         -95445.3677      6021.9804         3.2163         0.0000         0.0000         -88729.2924         0.0000    -88729.2924    -88729.2924         0.0000          13505.4397     -4779.2062    285840.9583     13505.4397     -4779.2062

LINE MINIMIZER BRACKET: DX 0.000179086 5.08574e-06 DU -14.631 0.00853599 DUDX -159783 -1256.41 3462.62 
PRESSURE: 84 13387.2 105.19 31.7779 108.126 13576.6 -49.0446 -2.8151 -78.8975 13553
GPRESSURE: 84 -4606.96 136.166 161.193 -44.1675 -4650.85 -25.5386 72.9691 121.688 -5078.91
ENERGY:      84        67.0534       151.1857       447.8217        23.7217         -95444.2252      6021.9279         3.2135         0.0000         0.0000         -88729.3013         0.0000    -88729.3013    -88729.3013         0.0000          13505.5886     -4778.9058    285840.9583     13505.5886     -4778.9058

LINE MINIMIZER BRACKET: DX 1.08861e-06 3.99713e-06 DU -0.000334826 0.00887081 DUDX -1256.41 -247.259 3462.62 
LINE MINIMIZER REDUCING GRADIENT FROM 413624 TO 413.624
PRESSURE: 85 13358.5 100.894 61.6453 103.534 13586 -88.2455 26.7861 -120.537 13750
GPRESSURE: 85 -4736.62 128.362 195.677 -44.7517 -4737.01 -66.4896 117.882 63.1103 -4935.85
ENERGY:      85       116.2263       153.4381       448.0451        35.9340         -95889.9757      5994.5317         3.6705         0.0000         0.0000         -89138.1299         0.0000    -89138.1299    -89138.1299         0.0000          13564.8507     -4803.1608    285840.9583     13564.8507     -4803.1608

PRESSURE: 86 13307.8 104.751 90.0086 107.098 13583.1 -129.138 54.8809 -163.857 13920.4
GPRESSURE: 86 -4887.86 128.859 230.759 -37.2269 -4837.11 -110.812 162.688 0.631126 -4823.73
ENERGY:      86       310.5177       195.8283       449.6722        50.1048         -96318.3858      5977.9609         4.3557         0.0000         0.0000         -89329.9462         0.0000    -89329.9462    -89329.9462         0.0000          13603.7920     -4849.5662    285840.9583     13603.7920     -4849.5662

PRESSURE: 87 13236.8 116.267 117.177 118.323 13569.7 -171.204 81.7766 -208.339 14064.6
GPRESSURE: 87 -5059.4 137.523 267.186 -21.8953 -4946.67 -156.522 208.331 -63.7767 -4739.86
ENERGY:      87       651.6228       277.6672       452.3790        64.7420         -96728.3361      5973.6050         5.2685         0.0000         0.0000         -89303.0517         0.0000    -89303.0517    -89303.0517         0.0000          13623.7444     -4915.3093    285840.9583     13623.7444     -4915.3093

LINE MINIMIZER BRACKET: DX 0.00124855 0.00124855 DU -191.816 26.8945 DUDX -241539 -68366.1 104751 
PRESSURE: 88 13283.2 108.264 100.437 110.5 13579.2 -145.047 65.2046 -180.686 13978.3
GPRESSURE: 88 -4950.7 131.217 244.455 -32.3038 -4877.93 -128.236 179.842 -23.7895 -4788.66
ENERGY:      88       422.8131       222.2366       450.6501        55.6636         -96476.0946      5974.7685         4.6758         0.0000         0.0000         -89345.2869         0.0000    -89345.2869    -89345.2869         0.0000          13613.5532     -4872.4288    285840.9583     13613.5532     -4872.4288

LINE MINIMIZER BRACKET: DX 0.000474708 0.000773846 DU -15.3407 42.2352 DUDX -68366.1 -2529.01 104751 
PRESSURE: 89 13278.9 108.934 102.134 111.153 13578.4 -147.653 66.8851 -183.442 13987.4
GPRESSURE: 89 -4961.24 131.708 246.711 -31.3967 -4884.69 -131.072 182.677 -27.7832 -4783.32
ENERGY:      89       443.1430       227.0969       450.8215        56.5735         -96501.6335      5974.4220         4.7312         0.0000         0.0000         -89344.8454         0.0000    -89344.8454    -89344.8454         0.0000          13614.8816     -4876.4166    285840.9583     13614.8816     -4876.4166

LINE MINIMIZER BRACKET: DX 0.000474708 7.73846e-05 DU -15.3407 0.441477 DUDX -68366.1 -2529.01 8205.76 
PRESSURE: 90 13282.5 108.364 100.699 110.597 13579 -145.447 65.4646 -181.109 13979.7
GPRESSURE: 90 -4954.3 135.379 245.396 -34.6518 -4879.66 -130.371 181.887 -25.7695 -4785.87
ETITLE:      TS           BOND          ANGLE          DIHED          IMPRP               ELECT            VDW       BOUNDARY           MISC        KINETIC               TOTAL           TEMP      POTENTIAL         TOTAL3        TEMPAVG            PRESSURE      GPRESSURE         VOLUME       PRESSAVG      GPRESSAVG

ENERGY:      90       425.8982       222.9727       450.6763        55.8033         -96480.0192      5974.7121         4.6843         0.0000         0.0000         -89345.2723         0.0000    -89345.2723    -89345.2723         0.0000          13613.7626     -4873.2755    285840.9583     13613.7626     -4873.2755

LINE MINIMIZER BRACKET: DX 0.000474708 1.18841e-05 DU -15.3407 0.0145487 DUDX -68366.1 -2529.01 -880.617 
PRESSURE: 91 13283.2 108.263 100.437 110.5 13579.2 -145.047 65.2044 -180.686 13978.3
GPRESSURE: 91 -4952.68 135.307 245.048 -34.7883 -4878.62 -129.936 181.45 -25.1557 -4786.7
ENERGY:      91       422.8129       222.2361       450.6501        55.6636         -96476.0922      5974.7685         4.6758         0.0000         0.0000         -89345.2853         0.0000    -89345.2853    -89345.2853         0.0000          13613.5534     -4872.6681    285840.9583     13613.5534     -4872.6681

LINE MINIMIZER REDUCING GRADIENT FROM 2.68993e+06 TO 2689.93
PRESSURE: 92 13271.6 104.317 87.77 106.47 13530.4 -105.188 52.2659 -141.098 13778
GPRESSURE: 92 -4965.41 129.305 224.994 -40.9809 -4936.99 -87.9433 162.289 20.2526 -5024.81
ENERGY:      92       212.3775       185.9769       449.2111        40.4205         -96567.1814      5964.7607         4.3516         0.0000         0.0000         -89710.0831         0.0000    -89710.0831    -89710.0831         0.0000          13526.6970     -4975.7362    285840.9583     13526.6970     -4975.7362

PRESSURE: 93 13252 101.578 77.5135 103.648 13470.8 -72.7415 41.7372 -108.923 13553.8
GPRESSURE: 93 -4986.7 124.403 207.147 -45.145 -5005.75 -52.4873 145.512 58.5402 -5288.02
ENERGY:      93       102.5360       163.3354       448.0950        28.7730         -96657.3459      5959.9488         4.1805         0.0000         0.0000         -89950.4771         0.0000    -89950.4771    -89950.4771         0.0000          13425.5132     -5093.4909    285840.9583     13425.5132     -5093.4909

PRESSURE: 94 13224 100.815 69.9186 102.802 13396.9 -48.5953 33.8699 -85.0487 13304.8
GPRESSURE: 94 -5016.68 121.481 191.941 -46.7961 -5088.78 -24.8366 131.455 88.5912 -5577.01
ENERGY:      94        89.9297       155.3734       447.3219        20.6067         -96746.5882      5958.6407         4.1625         0.0000         0.0000         -90070.5533         0.0000    -90070.5533    -90070.5533         0.0000          13308.5850     -5227.4899    285840.9583     13308.5850     -5227.4899

PRESSURE: 95 13187.8 102.119 64.979 104.025 13307.8 -33.3832 28.6576 -70.1091 13030.4
GPRESSURE: 95 -5055.31 120.697 179.505 -46.0332 -5187.31 -5.77304 120.18 109.666 -5892.49
ENERGY:      95       169.9827       163.5253       446.8714        15.6412         -96834.8987      5959.8641         4.2976         0.0000         0.0000         -90074.7165         0.0000    -90074.7165    -90074.7165         0.0000          13175.3218     -5378.3715    285840.9583     13175.3218     -5378.3715

PRESSURE: 96 13143 105.192 62.3504 107.015 13204.4 -27.498 25.7559 -64.4968 12729.6
GPRESSURE: 96 -5102.78 121.842 169.601 -43.2603 -5300.67 4.23507 111.403 121.26 -6235.5
ENERGY:      96       336.5254       189.3770       446.8640        13.5091         -96922.2817      5963.0545         4.5858         0.0000         0.0000         -89968.3658         0.0000    -89968.3658    -89968.3658         0.0000          13025.6450     -5546.3152    285840.9583     13025.6450     -5546.3152

LINE MINIMIZER BRACKET: DX 0.000159964 0.000159964 DU -4.16327 106.351 DUDX -383986 325133 995696 
PRESSURE: 97 13205.6 101.264 66.955 103.207 13350.9 -39.2852 30.7599 -75.8849 13160.7
GPRESSURE: 97 -5036.34 120.792 184.932 -46.6743 -5139.77 -13.5029 125.07 101.058 -5743.09
ENERGY:      97       121.7552       157.6439       447.0393        17.5644         -96794.1074      5959.0258         4.2160         0.0000         0.0000         -90086.8628         0.0000    -90086.8628    -90086.8628         0.0000          13239.0666     -5306.4005    285840.9583     13239.0666     -5306.4005

LINE MINIMIZER BRACKET: DX 8.59099e-05 7.40542e-05 DU -16.3096 12.1463 DUDX -383986 947.117 325133 
LINE MINIMIZER REDUCING GRADIENT FROM 701319 TO 701.319
PRESSURE: 98 13200.4 105.155 63.6976 107.186 13357.3 -43.2188 26.9594 -80.2736 13252.8
GPRESSURE: 98 -5043.83 121.673 182.857 -36.1984 -5140.37 -15.0213 114.001 99.9292 -5643.07
ENERGY:      98        55.2053       144.4138       444.9396        13.6442         -96862.1631      5952.3622         4.1113         0.0000         0.0000         -90247.4866         0.0000    -90247.4866    -90247.4866         0.0000          13270.1705     -5275.7593    285840.9583     13270.1705     -5275.7593

PRESSURE: 99 13185.5 111.742 53.4673 113.862 13363.1 -44.7097 16.1848 -82.2182 13321.3
GPRESSURE: 99 -5061.42 124.692 173.759 -23.3734 -5143.03 -14.5751 95.6514 100.84 -5569.21
ENERGY:      99        44.9134       140.8541       443.3907        10.6488         -96929.7600      5946.6002         4.1037         0.0000         0.0000         -90339.2490         0.0000    -90339.2490    -90339.2490         0.0000          13289.9836     -5257.8883    285840.9583     13289.9836     -5257.8883

LDB: ============= START OF LOAD BALANCING ============== 36.9566
LDB: Largest compute 39 load 0.176454 is 4.4% of average load 3.969227
LDB: Average compute 0.019619 is 0.5% of average load 3.969227
LDB: TIME 36.9576 LOAD: AVG 3.96923 MAX 4.27204  PROXIES: TOTAL 92 MAXPE 23 MAXPATCH 3 None MEM: 323.223 MB
LDB: TIME 36.9582 LOAD: AVG 3.96923 MAX 4.05534  PROXIES: TOTAL 92 MAXPE 23 MAXPATCH 3 TorusLB MEM: 323.223 MB
LDB: ============== END OF LOAD BALANCING =============== 36.9594
Info: useSync: 0 useProxySync: 0
LDB: =============== DONE WITH MIGRATION ================ 36.9614
PRESSURE: 100 13160.8 121.08 36.1456 123.289 13367.8 -42.8948 -1.68236 -80.8556 13366.8
GPRESSURE: 100 13035.8 133.821 109.795 66.7056 13295.9 -82.6894 -19.8652 -103.355 13277.3
Info: Initial time: 4 CPUs 0.115592 s/step 0.668934 days/ns 323.223 MB memory
ETITLE:      TS           BOND          ANGLE          DIHED          IMPRP               ELECT            VDW       BOUNDARY           MISC        KINETIC               TOTAL           TEMP      POTENTIAL         TOTAL3        TEMPAVG            PRESSURE      GPRESSURE         VOLUME       PRESSAVG      GPRESSAVG

ENERGY:     100        90.5387       148.1183       442.3653         9.8604         -96996.9076      5941.6806         4.1932         0.0000         0.0000         -90360.1511         0.0000    -90360.1511    -90360.1511         0.0000          13298.4594     13203.0047    285840.9583     13298.4594     13203.0047

PRESSURE: 101 13126.6 133.312 12.3042 135.611 13370.1 -36.7163 -26.0704 -75.1281 13390.4
GPRESSURE: 101 13009.7 142.147 86.3233 84.1616 13297.6 -76.3303 -52.8773 -94.4118 13311.4
ENERGY:     101       190.4878       167.2449       441.8983        14.5188         -97063.5958      5937.5616         4.3798         0.0000         0.0000         -90307.5046         0.0000    -90307.5046    -90307.5046         0.0000          13295.7059     13206.2413    285840.9583     13295.7059     13206.2413

LINE MINIMIZER BRACKET: DX 0.000277035 0.000277035 DU -20.9021 52.6465 DUDX -204807 54202.5 327325 
PRESSURE: 102 13166.8 118.902 40.3599 121.092 13367 -43.599 2.64621 -81.4654 13359.2
GPRESSURE: 102 13040.1 132.36 113.939 63.3617 13294.9 -83.4636 -13.7796 -104.57 13267.2
ENERGY:     102        76.4365       145.6521       442.5465         9.7294         -96982.9056      5942.6416         4.1665         0.0000         0.0000         -90361.7330         0.0000    -90361.7330    -90361.7330         0.0000          13297.6243     13200.7374    285840.9583     13297.6243     13200.7374

LINE MINIMIZER BRACKET: DX 0.000219126 5.79089e-05 DU -22.484 1.58189 DUDX -204807 -622.279 54202.5 
LINE MINIMIZER REDUCING GRADIENT FROM 348274 TO 348.274
PRESSURE: 103 13176.4 111.712 54.5365 114.072 13385.5 -44.0153 16.3302 -82.096 13429.3
GPRESSURE: 103 13034.5 124.756 128.51 55.9922 13303.8 -80.123 0.752529 -102.367 13329
ENERGY:     103        45.7009       142.4633       441.6837        10.8222         -97075.2352      5937.3082         4.1468         0.0000         0.0000         -90493.1102         0.0000    -90493.1102    -90493.1102         0.0000          13330.3862     13222.4286    285840.9583     13330.3862     13222.4286

PRESSURE: 104 13178 95.5764 64.0095 98.1066 13396 -51.2677 25.3101 -89.5611 13495
GPRESSURE: 104 13020.7 107.652 138.067 39.2665 13305.2 -84.2304 10.5711 -107.545 13386
ENERGY:     104        47.8363       146.9535       442.3914        13.7836         -97166.8620      5932.9205         4.2007         0.0000         0.0000         -90578.7761         0.0000    -90578.7761    -90578.7761         0.0000          13356.3128     13237.2957    285840.9583     13356.3128     13237.2957

PRESSURE: 105 13170.8 70.5878 66.4671 73.2884 13402.2 -64.6008 27.2741 -103.105 13553.8
GPRESSURE: 105 12998.2 81.889 140.697 13.7269 13300 -96.1227 13.7072 -120.849 13433.9
ENERGY:     105        80.5822       159.9499       444.2827        17.5911         -97257.7809      5929.4758         4.3284         0.0000         0.0000         -90621.5708         0.0000    -90621.5708    -90621.5708         0.0000          13375.5698     13244.0177    285840.9583     13375.5698     13244.0177

PRESSURE: 106 13155.4 38.7064 62.7948 41.5778 13404.9 -83.9274 23.1076 -122.642 13605.2
GPRESSURE: 106 12967.8 49.3417 137.59 -18.7099 13290.6 -114.769 11.2216 -141.199 13473
ENERGY:     106       140.3833       181.6774       445.9734        21.7791         -97347.9555      5926.9895         4.5299         0.0000         0.0000         -90626.6229         0.0000    -90626.6229    -90626.6229         0.0000          13388.5019     13243.7978    285840.9583     13388.5019     13243.7978

PRESSURE: 107 13133.2 2.11158 53.8507 5.15444 13404.7 -108.206 13.6686 -147.129 13648.6
GPRESSURE: 107 12931.1 12.0907 129.914 -55.8488 13278.2 -138.459 4.13466 -166.921 13502.6
ENERGY:     107       222.4791       211.6146       447.7524        26.1656         -97437.3967      5925.5018         4.8051         0.0000         0.0000         -90599.0781         0.0000    -90599.0781    -90599.0781         0.0000          13395.4987     13237.3093    285840.9583     13395.4987     13237.3093

LINE MINIMIZER BRACKET: DX 0.000442935 0.000442935 DU -5.05211 27.5448 DUDX -52052 27795.9 94843.2 
PRESSURE: 108 13161.7 50.672 64.6744 53.483 13404.4 -76.4256 25.1621 -115.067 13587.8
GPRESSURE: 108 12979.4 61.5624 139.242 -6.54146 13294.3 -107.458 12.6124 -133.27 13460.1
ENERGY:     108       116.3488       172.9517       445.3926        20.2648         -97316.0524      5927.7589         4.4500         0.0000         0.0000         -90628.8856         0.0000    -90628.8856    -90628.8856         0.0000          13384.6263     13244.6055    285840.9583     13384.6263     13244.6055

LINE MINIMIZER BRACKET: DX 0.000285905 0.00015703 DU -7.31483 2.26272 DUDX -52052 696.604 27795.9 
PRESSURE: 109 13162.8 52.774 64.9519 55.5741 13404.2 -75.1351 25.4715 -113.763 13584.5
GPRESSURE: 109 12981.4 63.7086 139.481 -4.40292 13295 -106.209 12.8097 -131.91 13457.7
ENERGY:     109       112.2962       171.4847       445.2868        19.9923         -97310.2372      5927.9124         4.4365         0.0000         0.0000         -90628.8284         0.0000    -90628.8284    -90628.8284         0.0000          13383.8368     13244.6657    285840.9583     13383.8368     13244.6657

LINE MINIMIZER BRACKET: DX 2.85905e-05 0.00015703 DU -0.0572375 2.26272 DUDX -4385.68 696.604 27795.9 
